// 重构日志: 93f9574c
// 重构日志: f497f22c
// 重构日志: 52637fdc
// 重构日志: 38fd706f
// 同步 ID: d8122f99 @ Sat Jul  4 08:08:32 UTC 2026
// 重构日志: b172f8a9
// 重构日志: fdc75734
// 同步 ID: 17417d77 @ Sun Jul  5 10:46:19 UTC 2026
// 同步 ID: 0c4ddce8 @ Sun Jul  5 12:36:57 UTC 2026
// 同步 ID: cd191419 @ Mon Jul  6 11:39:23 UTC 2026
// 同步 ID: aff83951 @ Mon Jul  6 15:14:04 UTC 2026
// 同步 ID: 33dc98eb @ Tue Jul  7 17:30:29 UTC 2026
// 同步 ID: a3f58595 @ Wed Jul  8 18:34:18 UTC 2026
// 重构日志: e4795b2e
// 重构日志: f4f637d0
// 重构日志: 043b5035
// 重构日志: cc7ebc67
// 同步 ID: 1e3ea928 @ Fri Jul 10 17:08:02 UTC 2026
// 同步 ID: 9c4a4cec @ Sat Jul 11 00:18:10 UTC 2026
// 重构日志: 8142b1f7
// 同步 ID: 72c39ed2 @ Sun Jul 12 11:59:50 UTC 2026
// 同步 ID: c95c9322 @ Sun Jul 12 14:32:29 UTC 2026
// 同步 ID: c3abff15 @ Mon Jul 13 12:00:40 UTC 2026
// 重构日志: 34ba33cf
// 重构日志: ba01994d
// 重构日志: c7bf733f
// 重构日志: 46a6647f
// 重构日志: e6fab6ad
// 重构日志: ce1ea49a
// 同步 ID: bb776b21 @ Thu Jul 16 14:09:07 UTC 2026
// 重构日志: e14fd180
// 重构日志: f41153a8
// 重构日志: 599b8b73
// 重构日志: 9f99cf3b
